<?xml version="1.0" encoding="UTF-8"?>
<testng-results ignored="0" total="2" passed="2" failed="0" skipped="0">
  <reporter-output>
  </reporter-output>
  <suite started-at="2026-03-25T18:19:21 IST" name=" Master Suite" finished-at="2026-03-25T18:19:31 IST" duration-ms="10589">
    <groups>
      <group name="Master">
        <method signature="TC01_accountRegistrationTest.verify_account_registration()[pri:0, instance:testCases.TC01_accountRegistrationTest@336f1079]" name="verify_account_registration" class="testCases.TC01_accountRegistrationTest"/>
        <method signature="TC02_LoginTest.verify_Login()[pri:0, instance:testCases.TC02_LoginTest@4b79ac84]" name="verify_Login" class="testCases.TC02_LoginTest"/>
      </group> <!-- Master -->
      <group name="Sanity">
        <method signature="TC02_LoginTest.verify_Login()[pri:0, instance:testCases.TC02_LoginTest@4b79ac84]" name="verify_Login" class="testCases.TC02_LoginTest"/>
      </group> <!-- Sanity -->
      <group name="Regression">
        <method signature="TC01_accountRegistrationTest.verify_account_registration()[pri:0, instance:testCases.TC01_accountRegistrationTest@336f1079]" name="verify_account_registration" class="testCases.TC01_accountRegistrationTest"/>
      </group> <!-- Regression -->
    </groups>
    <test started-at="2026-03-25T18:19:21 IST" name="Test" finished-at="2026-03-25T18:19:31 IST" duration-ms="10589">
      <class name="testCases.TC01_accountRegistrationTest">
        <test-method is-config="true" signature="setup(java.lang.String,java.lang.String)[pri:0, instance:testCases.TC01_accountRegistrationTest@336f1079]" started-at="2026-03-25T18:19:21 IST" name="setup" finished-at="2026-03-25T18:19:24 IST" duration-ms="3210" status="PASS">
          <params>
            <param index="0">
              <value>
                <![CDATA[Windows]]>
              </value>
            </param>
            <param index="1">
              <value>
                <![CDATA[edge]]>
              </value>
            </param>
          </params>
          <reporter-output>
          </reporter-output>
        </test-method> <!-- setup -->
        <test-method signature="verify_account_registration()[pri:0, instance:testCases.TC01_accountRegistrationTest@336f1079]" started-at="2026-03-25T18:19:24 IST" name="verify_account_registration" finished-at="2026-03-25T18:19:27 IST" duration-ms="2874" status="PASS">
          <reporter-output>
          </reporter-output>
        </test-method> <!-- verify_account_registration -->
        <test-method is-config="true" signature="tearDown()[pri:0, instance:testCases.TC01_accountRegistrationTest@336f1079]" started-at="2026-03-25T18:19:27 IST" name="tearDown" finished-at="2026-03-25T18:19:27 IST" duration-ms="247" status="PASS">
          <reporter-output>
          </reporter-output>
        </test-method> <!-- tearDown -->
      </class> <!-- testCases.TC01_accountRegistrationTest -->
      <class name="testCases.TC02_LoginTest">
        <test-method is-config="true" signature="setup(java.lang.String,java.lang.String)[pri:0, instance:testCases.TC02_LoginTest@4b79ac84]" started-at="2026-03-25T18:19:27 IST" name="setup" finished-at="2026-03-25T18:19:30 IST" duration-ms="2178" status="PASS">
          <params>
            <param index="0">
              <value>
                <![CDATA[Windows]]>
              </value>
            </param>
            <param index="1">
              <value>
                <![CDATA[edge]]>
              </value>
            </param>
          </params>
          <reporter-output>
          </reporter-output>
        </test-method> <!-- setup -->
        <test-method signature="verify_Login()[pri:0, instance:testCases.TC02_LoginTest@4b79ac84]" started-at="2026-03-25T18:19:30 IST" name="verify_Login" finished-at="2026-03-25T18:19:31 IST" duration-ms="1603" status="PASS">
          <reporter-output>
          </reporter-output>
        </test-method> <!-- verify_Login -->
        <test-method is-config="true" signature="tearDown()[pri:0, instance:testCases.TC02_LoginTest@4b79ac84]" started-at="2026-03-25T18:19:31 IST" name="tearDown" finished-at="2026-03-25T18:19:31 IST" duration-ms="233" status="PASS">
          <reporter-output>
          </reporter-output>
        </test-method> <!-- tearDown -->
      </class> <!-- testCases.TC02_LoginTest -->
    </test> <!-- Test -->
  </suite> <!--  Master Suite -->
</testng-results>
