<?xml version="1.0" encoding="UTF-8"?>
<!-- Generated by org.testng.reporters.JUnitXMLReporter -->
<testsuite ignored="0" hostname="VivoBook-15" failures="1" tests="1" name="Test(failed)" time="15.169" errors="0" timestamp="2026-03-20T19:55:13 IST">
  <testcase classname="testCases.TC01_accountRegistrationTest" name="verify_account_registration" time="11.491">
    <failure type="java.lang.AssertionError" message="expected [true] but found [false]">
      <![CDATA[java.lang.AssertionError: expected [true] but found [false]
at testCases.TC01_accountRegistrationTest.verify_account_registration(TC01_accountRegistrationTest.java:61)
at java.base/java.util.ArrayList.forEach(ArrayList.java:1596)
... Removed 29 stack frames]]>
    </failure>
  </testcase> <!-- verify_account_registration -->
</testsuite> <!-- Test(failed) -->
