<?xml version="1.0" encoding="UTF-8"?>
<!-- Generated by org.testng.reporters.JUnitXMLReporter -->
<testsuite ignored="0" hostname="VivoBook-15" failures="1" tests="2" name="Test" time="20.618" errors="0" timestamp="2026-03-20T20:05:57 IST">
  <testcase classname="testCases.TC01_accountRegistrationTest" name="verify_account_registration" time="2.737"/>
  <testcase classname="testCases.TC02_LoginTest" name="verify_Login" time="10.829">
    <failure type="java.lang.AssertionError" message="Login Failed expected [true] but found [false]">
      <![CDATA[java.lang.AssertionError: Login Failed expected [true] but found [false]
at testCases.TC02_LoginTest.verify_Login(TC02_LoginTest.java:38)
at java.base/java.util.ArrayList.forEach(ArrayList.java:1596)
... Removed 31 stack frames]]>
    </failure>
  </testcase> <!-- verify_Login -->
</testsuite> <!-- Test -->
